Added Component: Designator=BLUEPILL BOARD(Stm32 BluePill)
Added Component: Designator=C1(CAPPRD500W60D1000H2000)
Add component (AddParameter): Name = "Availability"; Value = "Not in stock"; VariantName = "[No Variations]"
Add component (AddParameter): Name = "Check_prices"; Value = "https://www.snapeda.com/parts/EEUHD1H471/Panasonic/view-part/5785983/?ref=eda"; VariantName = "[No Variations]"
Add component (AddParameter): Name = "MF"; Value = "Panasonic"; VariantName = "[No Variations]"
Add component (AddParameter): Name = "MP"; Value = "EEUHD1H471"; VariantName = "[No Variations]"
Add component (AddParameter): Name = "Package"; Value = "RADIAL-2 Panasonic"; VariantName = "[No Variations]"
Add component (AddParameter): Name = "Price"; Value = "None"; VariantName = "[No Variations]"
Add component (AddParameter): Name = "SnapEDA_Link"; Value = "https://www.snapeda.com/parts/EEUHD1H471/Panasonic/view-part/5785983/?ref=snap"; VariantName = "[No Variations]"
Add component (AddParameter): Name = "Value"; Value = ""; VariantName = "[No Variations]"
Added Component: Designator=C2(CAPPRD250W45D800H500)
Add component (AddParameter): Name = "Availability"; Value = "In Stock"; VariantName = "[No Variations]"
Add component (AddParameter): Name = "Check_prices"; Value = "https://www.snapeda.com/parts/ECE-A1AKS221I/Panasonic/view-part/2339032/?ref=eda"; VariantName = "[No Variations]"
Add component (AddParameter): Name = "MF"; Value = "Panasonic"; VariantName = "[No Variations]"
Add component (AddParameter): Name = "MP"; Value = "ECE-A1AKS221I"; VariantName = "[No Variations]"
Add component (AddParameter): Name = "Package"; Value = "RADIAL-2 Panasonic"; VariantName = "[No Variations]"
Add component (AddParameter): Name = "Price"; Value = "None"; VariantName = "[No Variations]"
Add component (AddParameter): Name = "Purchase-URL"; Value = "https://pricing.snapeda.com/search/part/ECE-A1AKS221I/?ref=eda"; VariantName = "[No Variations]"
Add component (AddParameter): Name = "SnapEDA_Link"; Value = "https://www.snapeda.com/parts/ECE-A1AKS221I/Panasonic/view-part/2339032/?ref=snap"; VariantName = "[No Variations]"
Add component (AddParameter): Name = "Value"; Value = ""; VariantName = "[No Variations]"
Added Component: Designator=C3(CERAMIC CAPACITOR)
Add component (AddParameter): Name = "Check_prices"; Value = "https://www.snapeda.com/parts/SR655C474MARTR1/AVX/view-part/?ref=eda"; VariantName = "[No Variations]"
Add component (AddParameter): Name = "MF"; Value = "AVX"; VariantName = "[No Variations]"
Add component (AddParameter): Name = "MP"; Value = "SR655C474MARTR1"; VariantName = "[No Variations]"
Add component (AddParameter): Name = "Package"; Value = "Radial AVX"; VariantName = "[No Variations]"
Add component (AddParameter): Name = "SnapEDA_Link"; Value = "https://www.snapeda.com/parts/SR655C474MARTR1/AVX/view-part/?ref=snap"; VariantName = "[No Variations]"
Add component (AddParameter): Name = "Value"; Value = ""; VariantName = "[No Variations]"
Added Component: Designator=D1(DIOAD1990W125L900D530)
Add component (AddParameter): Name = "Check_prices"; Value = "https://www.snapeda.com/parts/1N5820G/Onsemi/view-part/?ref=eda"; VariantName = "[No Variations]"
Add component (AddParameter): Name = "MF"; Value = "ON Semiconductor"; VariantName = "[No Variations]"
Add component (AddParameter): Name = "MP"; Value = "1N5820G"; VariantName = "[No Variations]"
Add component (AddParameter): Name = "Package"; Value = "AXIAL LEAD-2 ON Semiconductor"; VariantName = "[No Variations]"
Add component (AddParameter): Name = "SnapEDA_Link"; Value = "https://www.snapeda.com/parts/1N5820G/Onsemi/view-part/?ref=snap"; VariantName = "[No Variations]"
Add component (AddParameter): Name = "Value"; Value = ""; VariantName = "[No Variations]"
Added Component: Designator=Driver M2(HDR1X6)
Add component (AddParameter): Name = "LatestRevisionDate"; Value = "17-Jul-2002"; VariantName = "[No Variations]"
Add component (AddParameter): Name = "LatestRevisionNote"; Value = "Re-released for DXP Platform."; VariantName = "[No Variations]"
Add component (AddParameter): Name = "Publisher"; Value = "Altium Limited"; VariantName = "[No Variations]"
Added Component: Designator=Driver M2(HDR1X6)
Add component (AddParameter): Name = "LatestRevisionDate"; Value = "17-Jul-2002"; VariantName = "[No Variations]"
Add component (AddParameter): Name = "LatestRevisionNote"; Value = "Re-released for DXP Platform."; VariantName = "[No Variations]"
Add component (AddParameter): Name = "Publisher"; Value = "Altium Limited"; VariantName = "[No Variations]"
Added Component: Designator=Driver M3(HDR1X6)
Add component (AddParameter): Name = "LatestRevisionDate"; Value = "17-Jul-2002"; VariantName = "[No Variations]"
Add component (AddParameter): Name = "LatestRevisionNote"; Value = "Re-released for DXP Platform."; VariantName = "[No Variations]"
Add component (AddParameter): Name = "Publisher"; Value = "Altium Limited"; VariantName = "[No Variations]"
Added Component: Designator=L1(IND_RLB9012-681KL)
Add component (AddParameter): Name = "Availability"; Value = "Unavailable"; VariantName = "[No Variations]"
Add component (AddParameter): Name = "MF"; Value = ""; VariantName = "[No Variations]"
Add component (AddParameter): Name = "MP"; Value = "RLB9012-681KL"; VariantName = "[No Variations]"
Add component (AddParameter): Name = "Package"; Value = "None"; VariantName = "[No Variations]"
Add component (AddParameter): Name = "Price"; Value = "None"; VariantName = "[No Variations]"
Add component (AddParameter): Name = "Value"; Value = ""; VariantName = "[No Variations]"
Added Component: Designator=R1(330R_P8mm_0.25W)
Added Component: Designator=R2(330R_P8mm_0.25W)
Added Component: Designator=R3(330R_P8mm_0.25W)
Added Component: Designator=R4(330R_P8mm_0.25W)
Added Component: Designator=R5(330R_P8mm_0.25W)
Added Component: Designator=R6(330R_P8mm_0.25W)
Added Component: Designator=R7(330R_P8mm_0.25W)
Added Component: Designator=R8(330R_P8mm_0.25W)
Added Component: Designator=R9(330R_P8mm_0.25W)
Added Component: Designator=R10(330R_P8mm_0.25W)
Added Component: Designator=R11(330R_P8mm_0.25W)
Added Component: Designator=R12(330R_P8mm_0.25W)
Added Component: Designator=Relay 1(MODULE5B)
Add component (AddParameter): Name = "LatestRevisionDate"; Value = "17-Jul-2002"; VariantName = "[No Variations]"
Add component (AddParameter): Name = "LatestRevisionNote"; Value = "Re-released for DXP Platform."; VariantName = "[No Variations]"
Add component (AddParameter): Name = "PackageReference"; Value = "MODULE5B"; VariantName = "[No Variations]"
Add component (AddParameter): Name = "Published"; Value = "24-Mar-1999"; VariantName = "[No Variations]"
Add component (AddParameter): Name = "Publisher"; Value = "Altium Limited"; VariantName = "[No Variations]"
Added Component: Designator=Relay 2(MODULE5B)
Add component (AddParameter): Name = "LatestRevisionDate"; Value = "17-Jul-2002"; VariantName = "[No Variations]"
Add component (AddParameter): Name = "LatestRevisionNote"; Value = "Re-released for DXP Platform."; VariantName = "[No Variations]"
Add component (AddParameter): Name = "PackageReference"; Value = "MODULE5B"; VariantName = "[No Variations]"
Add component (AddParameter): Name = "Published"; Value = "24-Mar-1999"; VariantName = "[No Variations]"
Add component (AddParameter): Name = "Publisher"; Value = "Altium Limited"; VariantName = "[No Variations]"
Added Component: Designator=SALIDA1(CONN3)
Added Component: Designator=SALIDA2(CONN3)
Added Component: Designator=SIGNAL IN1(CONN2)
Added Component: Designator=SIGNAL IN2(CONN2)
Added Component: Designator=SIGNAL IN3(CONN2)
Added Component: Designator=SIGNAL IN4(CONN2)
Added Component: Designator=U0(TO170P1016X470X2092-5)
Add component (AddParameter): Name = "Check_prices"; Value = "https://www.snapeda.com/parts/LM2596T-ADJ/NOPB/Texas+Instruments/view-part/?ref=eda"; VariantName = "[No Variations]"
Add component (AddParameter): Name = "MF"; Value = "Texas Instruments"; VariantName = "[No Variations]"
Add component (AddParameter): Name = "MP"; Value = "LM2596T-ADJ/NOPB"; VariantName = "[No Variations]"
Add component (AddParameter): Name = "Package"; Value = "TO-220-5 Texas Instruments"; VariantName = "[No Variations]"
Add component (AddParameter): Name = "SnapEDA_Link"; Value = "https://www.snapeda.com/parts/LM2596T-ADJ/NOPB/Texas+Instruments/view-part/?ref=snap"; VariantName = "[No Variations]"
Add component (AddParameter): Name = "Value"; Value = ""; VariantName = "[No Variations]"
Added Component: Designator=U1(DIL04)
Add component (AddParameter): Name = "Check_prices"; Value = "https://www.snapeda.com/parts/PC817X3NSZ9F/Sharp+Microelectronics/view-part/?ref=eda"; VariantName = "[No Variations]"
Add component (AddParameter): Name = "MF"; Value = "Sharp Microelectronics"; VariantName = "[No Variations]"
Add component (AddParameter): Name = "MP"; Value = "PC817X3NSZ9F"; VariantName = "[No Variations]"
Add component (AddParameter): Name = "Package"; Value = "DIP-4 Sharp Microelectronics"; VariantName = "[No Variations]"
Add component (AddParameter): Name = "SnapEDA_Link"; Value = "https://www.snapeda.com/parts/PC817X3NSZ9F/Sharp+Microelectronics/view-part/?ref=snap"; VariantName = "[No Variations]"
Add component (AddParameter): Name = "Value"; Value = ""; VariantName = "[No Variations]"
Added Component: Designator=U2(DIL04)
Add component (AddParameter): Name = "Check_prices"; Value = "https://www.snapeda.com/parts/PC817X3NSZ9F/Sharp+Microelectronics/view-part/?ref=eda"; VariantName = "[No Variations]"
Add component (AddParameter): Name = "MF"; Value = "Sharp Microelectronics"; VariantName = "[No Variations]"
Add component (AddParameter): Name = "MP"; Value = "PC817X3NSZ9F"; VariantName = "[No Variations]"
Add component (AddParameter): Name = "Package"; Value = "DIP-4 Sharp Microelectronics"; VariantName = "[No Variations]"
Add component (AddParameter): Name = "SnapEDA_Link"; Value = "https://www.snapeda.com/parts/PC817X3NSZ9F/Sharp+Microelectronics/view-part/?ref=snap"; VariantName = "[No Variations]"
Add component (AddParameter): Name = "Value"; Value = ""; VariantName = "[No Variations]"
Added Component: Designator=U3(DIL04)
Add component (AddParameter): Name = "Check_prices"; Value = "https://www.snapeda.com/parts/PC817X3NSZ9F/Sharp+Microelectronics/view-part/?ref=eda"; VariantName = "[No Variations]"
Add component (AddParameter): Name = "MF"; Value = "Sharp Microelectronics"; VariantName = "[No Variations]"
Add component (AddParameter): Name = "MP"; Value = "PC817X3NSZ9F"; VariantName = "[No Variations]"
Add component (AddParameter): Name = "Package"; Value = "DIP-4 Sharp Microelectronics"; VariantName = "[No Variations]"
Add component (AddParameter): Name = "SnapEDA_Link"; Value = "https://www.snapeda.com/parts/PC817X3NSZ9F/Sharp+Microelectronics/view-part/?ref=snap"; VariantName = "[No Variations]"
Add component (AddParameter): Name = "Value"; Value = ""; VariantName = "[No Variations]"
Added Component: Designator=U4(DIL04)
Add component (AddParameter): Name = "Check_prices"; Value = "https://www.snapeda.com/parts/PC817X3NSZ9F/Sharp+Microelectronics/view-part/?ref=eda"; VariantName = "[No Variations]"
Add component (AddParameter): Name = "MF"; Value = "Sharp Microelectronics"; VariantName = "[No Variations]"
Add component (AddParameter): Name = "MP"; Value = "PC817X3NSZ9F"; VariantName = "[No Variations]"
Add component (AddParameter): Name = "Package"; Value = "DIP-4 Sharp Microelectronics"; VariantName = "[No Variations]"
Add component (AddParameter): Name = "SnapEDA_Link"; Value = "https://www.snapeda.com/parts/PC817X3NSZ9F/Sharp+Microelectronics/view-part/?ref=snap"; VariantName = "[No Variations]"
Add component (AddParameter): Name = "Value"; Value = ""; VariantName = "[No Variations]"
Added Component: Designator=U5(DIP794W45P254L1969H508Q16)
Add component (AddParameter): Name = "Check_prices"; Value = "https://www.snapeda.com/parts/ULN2003AN/Texas+Instruments/view-part/?ref=eda"; VariantName = "[No Variations]"
Add component (AddParameter): Name = "MF"; Value = "Texas Instruments"; VariantName = "[No Variations]"
Add component (AddParameter): Name = "MP"; Value = "ULN2003AN"; VariantName = "[No Variations]"
Add component (AddParameter): Name = "Package"; Value = "PDIP-16 Texas Instruments"; VariantName = "[No Variations]"
Add component (AddParameter): Name = "SnapEDA_Link"; Value = "https://www.snapeda.com/parts/ULN2003AN/Texas+Instruments/view-part/?ref=snap"; VariantName = "[No Variations]"
Add component (AddParameter): Name = "Value"; Value = ""; VariantName = "[No Variations]"
Added Component: Designator=VCC IN/OUT(GCT_DCJ200-10-A-XX-K_REVA)
Add component (AddParameter): Name = "Check_prices"; Value = "https://www.snapeda.com/parts/DCJ200-10-A-K1-K/Global+Connector+Technology/view-part/?ref=eda"; VariantName = "[No Variations]"
Add component (AddParameter): Name = "MF"; Value = "Global Connector Technology"; VariantName = "[No Variations]"
Add component (AddParameter): Name = "MP"; Value = "DCJ200-10-A-K1-K"; VariantName = "[No Variations]"
Add component (AddParameter): Name = "Package"; Value = "None"; VariantName = "[No Variations]"
Add component (AddParameter): Name = "SnapEDA_Link"; Value = "https://www.snapeda.com/parts/DCJ200-10-A-K1-K/Global+Connector+Technology/view-part/?ref=snap"; VariantName = "[No Variations]"
Add component (AddParameter): Name = "Value"; Value = ""; VariantName = "[No Variations]"
Added Component: Designator=VCC IN <30V(CONN2)
Added Component: Designator=VDD_SignalIn1(CONN2)
Added Component: Designator=VDD_SignalIn2(CONN2)
Added Component: Designator=VDD_SignalIn3(CONN2)
Added Component: Designator=VDD_SignalIn4(CONN2)
Added Component: Designator=|D1D2D3D4|A|(HDR1X16)
Add component (AddParameter): Name = "LatestRevisionDate"; Value = "17-Jul-2002"; VariantName = "[No Variations]"
Add component (AddParameter): Name = "LatestRevisionNote"; Value = "Re-released for DXP Platform."; VariantName = "[No Variations]"
Add component (AddParameter): Name = "Publisher"; Value = "Altium Limited"; VariantName = "[No Variations]"
Added Pin To Net: NetName=+3.3v Pin=C2-P
Added Pin To Net: NetName=+3.3v Pin=C3-2
Added Pin To Net: NetName=+3.3v Pin=L1-1
Added Pin To Net: NetName=+3.3v Pin=R9-2
Added Pin To Net: NetName=+3.3v Pin=R11-2
Added Net: Name=+3.3v
Added Pin To Net: NetName=GND Pin=BLUEPILL BOARD-40
Added Pin To Net: NetName=GND Pin=C1-N
Added Pin To Net: NetName=GND Pin=C2-N
Added Pin To Net: NetName=GND Pin=D1-A
Added Pin To Net: NetName=GND Pin=Driver M2-6
Added Pin To Net: NetName=GND Pin=Driver M2-6
Added Pin To Net: NetName=GND Pin=Driver M3-6
Added Pin To Net: NetName=GND Pin=U0-3
Added Pin To Net: NetName=GND Pin=U0-5
Added Pin To Net: NetName=GND Pin=U1-3
Added Pin To Net: NetName=GND Pin=U2-3
Added Pin To Net: NetName=GND Pin=U3-3
Added Pin To Net: NetName=GND Pin=U4-3
Added Pin To Net: NetName=GND Pin=U5-3
Added Pin To Net: NetName=GND Pin=U5-4
Added Pin To Net: NetName=GND Pin=U5-5
Added Pin To Net: NetName=GND Pin=U5-6
Added Pin To Net: NetName=GND Pin=U5-7
Added Pin To Net: NetName=GND Pin=U5-8
Added Pin To Net: NetName=GND Pin=VCC IN <30V-2
Added Pin To Net: NetName=GND Pin=VCC IN/OUT-2
Added Pin To Net: NetName=GND Pin=VCC IN/OUT-3
Added Pin To Net: NetName=GND Pin=VDD_SignalIn1-2
Added Pin To Net: NetName=GND Pin=VDD_SignalIn2-2
Added Pin To Net: NetName=GND Pin=VDD_SignalIn3-2
Added Pin To Net: NetName=GND Pin=VDD_SignalIn4-2
Added Pin To Net: NetName=GND Pin=|D1D2D3D4|A|-1
Added Net: Name=GND
Added Pin To Net: NetName=NetBLUEPILL BOARD_1 Pin=BLUEPILL BOARD-1
Added Pin To Net: NetName=NetBLUEPILL BOARD_1 Pin=U5-1
Added Net: Name=NetBLUEPILL BOARD_1
Added Pin To Net: NetName=NetBLUEPILL BOARD_2 Pin=BLUEPILL BOARD-2
Added Pin To Net: NetName=NetBLUEPILL BOARD_2 Pin=U5-2
Added Net: Name=NetBLUEPILL BOARD_2
Added Pin To Net: NetName=NetBLUEPILL BOARD_3 Pin=BLUEPILL BOARD-3
Added Pin To Net: NetName=NetBLUEPILL BOARD_3 Pin=R1-2
Added Pin To Net: NetName=NetBLUEPILL BOARD_3 Pin=U1-4
Added Net: Name=NetBLUEPILL BOARD_3
Added Pin To Net: NetName=NetBLUEPILL BOARD_4 Pin=BLUEPILL BOARD-4
Added Pin To Net: NetName=NetBLUEPILL BOARD_4 Pin=R2-2
Added Pin To Net: NetName=NetBLUEPILL BOARD_4 Pin=U2-4
Added Net: Name=NetBLUEPILL BOARD_4
Added Pin To Net: NetName=NetBLUEPILL BOARD_5 Pin=BLUEPILL BOARD-5
Added Pin To Net: NetName=NetBLUEPILL BOARD_5 Pin=R3-2
Added Pin To Net: NetName=NetBLUEPILL BOARD_5 Pin=U3-4
Added Net: Name=NetBLUEPILL BOARD_5
Added Pin To Net: NetName=NetBLUEPILL BOARD_6 Pin=BLUEPILL BOARD-6
Added Pin To Net: NetName=NetBLUEPILL BOARD_6 Pin=R4-2
Added Pin To Net: NetName=NetBLUEPILL BOARD_6 Pin=U4-4
Added Net: Name=NetBLUEPILL BOARD_6
Added Pin To Net: NetName=NetBLUEPILL BOARD_7 Pin=BLUEPILL BOARD-7
Added Pin To Net: NetName=NetBLUEPILL BOARD_7 Pin=|D1D2D3D4|A|-15
Added Net: Name=NetBLUEPILL BOARD_7
Added Pin To Net: NetName=NetBLUEPILL BOARD_8 Pin=BLUEPILL BOARD-8
Added Pin To Net: NetName=NetBLUEPILL BOARD_8 Pin=|D1D2D3D4|A|-14
Added Net: Name=NetBLUEPILL BOARD_8
Added Pin To Net: NetName=NetBLUEPILL BOARD_9 Pin=BLUEPILL BOARD-9
Added Pin To Net: NetName=NetBLUEPILL BOARD_9 Pin=|D1D2D3D4|A|-13
Added Net: Name=NetBLUEPILL BOARD_9
Added Pin To Net: NetName=NetBLUEPILL BOARD_10 Pin=BLUEPILL BOARD-10
Added Pin To Net: NetName=NetBLUEPILL BOARD_10 Pin=|D1D2D3D4|A|-12
Added Net: Name=NetBLUEPILL BOARD_10
Added Pin To Net: NetName=NetBLUEPILL BOARD_11 Pin=BLUEPILL BOARD-11
Added Pin To Net: NetName=NetBLUEPILL BOARD_11 Pin=|D1D2D3D4|A|-11
Added Net: Name=NetBLUEPILL BOARD_11
Added Pin To Net: NetName=NetBLUEPILL BOARD_12 Pin=BLUEPILL BOARD-12
Added Pin To Net: NetName=NetBLUEPILL BOARD_12 Pin=|D1D2D3D4|A|-10
Added Net: Name=NetBLUEPILL BOARD_12
Added Pin To Net: NetName=NetBLUEPILL BOARD_13 Pin=BLUEPILL BOARD-13
Added Pin To Net: NetName=NetBLUEPILL BOARD_13 Pin=|D1D2D3D4|A|-9
Added Net: Name=NetBLUEPILL BOARD_13
Added Pin To Net: NetName=NetBLUEPILL BOARD_14 Pin=BLUEPILL BOARD-14
Added Pin To Net: NetName=NetBLUEPILL BOARD_14 Pin=|D1D2D3D4|A|-8
Added Net: Name=NetBLUEPILL BOARD_14
Added Pin To Net: NetName=NetBLUEPILL BOARD_15 Pin=BLUEPILL BOARD-15
Added Pin To Net: NetName=NetBLUEPILL BOARD_15 Pin=|D1D2D3D4|A|-7
Added Net: Name=NetBLUEPILL BOARD_15
Added Pin To Net: NetName=NetBLUEPILL BOARD_16 Pin=BLUEPILL BOARD-16
Added Pin To Net: NetName=NetBLUEPILL BOARD_16 Pin=|D1D2D3D4|A|-6
Added Net: Name=NetBLUEPILL BOARD_16
Added Pin To Net: NetName=NetBLUEPILL BOARD_17 Pin=BLUEPILL BOARD-17
Added Pin To Net: NetName=NetBLUEPILL BOARD_17 Pin=|D1D2D3D4|A|-5
Added Net: Name=NetBLUEPILL BOARD_17
Added Pin To Net: NetName=NetBLUEPILL BOARD_24 Pin=BLUEPILL BOARD-24
Added Pin To Net: NetName=NetBLUEPILL BOARD_24 Pin=Driver M2-4
Added Pin To Net: NetName=NetBLUEPILL BOARD_24 Pin=Driver M2-4
Added Pin To Net: NetName=NetBLUEPILL BOARD_24 Pin=Driver M3-4
Added Pin To Net: NetName=NetBLUEPILL BOARD_24 Pin=R12-2
Added Net: Name=NetBLUEPILL BOARD_24
Added Pin To Net: NetName=NetBLUEPILL BOARD_25 Pin=BLUEPILL BOARD-25
Added Pin To Net: NetName=NetBLUEPILL BOARD_25 Pin=Driver M2-1
Added Net: Name=NetBLUEPILL BOARD_25
Added Pin To Net: NetName=NetBLUEPILL BOARD_26 Pin=BLUEPILL BOARD-26
Added Pin To Net: NetName=NetBLUEPILL BOARD_26 Pin=Driver M2-2
Added Net: Name=NetBLUEPILL BOARD_26
Added Pin To Net: NetName=NetBLUEPILL BOARD_27 Pin=BLUEPILL BOARD-27
Added Pin To Net: NetName=NetBLUEPILL BOARD_27 Pin=Driver M2-3
Added Net: Name=NetBLUEPILL BOARD_27
Added Pin To Net: NetName=NetBLUEPILL BOARD_28 Pin=BLUEPILL BOARD-28
Added Pin To Net: NetName=NetBLUEPILL BOARD_28 Pin=Driver M2-1
Added Net: Name=NetBLUEPILL BOARD_28
Added Pin To Net: NetName=NetBLUEPILL BOARD_29 Pin=BLUEPILL BOARD-29
Added Pin To Net: NetName=NetBLUEPILL BOARD_29 Pin=Driver M2-2
Added Net: Name=NetBLUEPILL BOARD_29
Added Pin To Net: NetName=NetBLUEPILL BOARD_30 Pin=BLUEPILL BOARD-30
Added Pin To Net: NetName=NetBLUEPILL BOARD_30 Pin=Driver M2-3
Added Net: Name=NetBLUEPILL BOARD_30
Added Pin To Net: NetName=NetBLUEPILL BOARD_31 Pin=BLUEPILL BOARD-31
Added Pin To Net: NetName=NetBLUEPILL BOARD_31 Pin=Driver M3-3
Added Net: Name=NetBLUEPILL BOARD_31
Added Pin To Net: NetName=NetBLUEPILL BOARD_32 Pin=BLUEPILL BOARD-32
Added Pin To Net: NetName=NetBLUEPILL BOARD_32 Pin=Driver M3-2
Added Net: Name=NetBLUEPILL BOARD_32
Added Pin To Net: NetName=NetBLUEPILL BOARD_33 Pin=BLUEPILL BOARD-33
Added Pin To Net: NetName=NetBLUEPILL BOARD_33 Pin=|D1D2D3D4|A|-16
Added Net: Name=NetBLUEPILL BOARD_33
Added Pin To Net: NetName=NetBLUEPILL BOARD_34 Pin=BLUEPILL BOARD-34
Added Pin To Net: NetName=NetBLUEPILL BOARD_34 Pin=Driver M3-1
Added Net: Name=NetBLUEPILL BOARD_34
Added Pin To Net: NetName=NetBLUEPILL BOARD_38 Pin=BLUEPILL BOARD-38
Added Pin To Net: NetName=NetBLUEPILL BOARD_38 Pin=Driver M2-5
Added Pin To Net: NetName=NetBLUEPILL BOARD_38 Pin=Driver M2-5
Added Pin To Net: NetName=NetBLUEPILL BOARD_38 Pin=Driver M3-5
Added Pin To Net: NetName=NetBLUEPILL BOARD_38 Pin=R1-1
Added Pin To Net: NetName=NetBLUEPILL BOARD_38 Pin=R2-1
Added Pin To Net: NetName=NetBLUEPILL BOARD_38 Pin=R3-1
Added Pin To Net: NetName=NetBLUEPILL BOARD_38 Pin=R4-1
Added Pin To Net: NetName=NetBLUEPILL BOARD_38 Pin=R12-1
Added Pin To Net: NetName=NetBLUEPILL BOARD_38 Pin=Relay 1-4
Added Pin To Net: NetName=NetBLUEPILL BOARD_38 Pin=Relay 2-4
Added Pin To Net: NetName=NetBLUEPILL BOARD_38 Pin=U5-9
Added Pin To Net: NetName=NetBLUEPILL BOARD_38 Pin=VDD_SignalIn1-1
Added Pin To Net: NetName=NetBLUEPILL BOARD_38 Pin=VDD_SignalIn2-1
Added Pin To Net: NetName=NetBLUEPILL BOARD_38 Pin=VDD_SignalIn3-1
Added Pin To Net: NetName=NetBLUEPILL BOARD_38 Pin=VDD_SignalIn4-1
Added Pin To Net: NetName=NetBLUEPILL BOARD_38 Pin=|D1D2D3D4|A|-2
Added Net: Name=NetBLUEPILL BOARD_38
Added Pin To Net: NetName=NetC1_P Pin=C1-P
Added Pin To Net: NetName=NetC1_P Pin=U0-1
Added Pin To Net: NetName=NetC1_P Pin=VCC IN <30V-1
Added Pin To Net: NetName=NetC1_P Pin=VCC IN/OUT-1
Added Net: Name=NetC1_P
Added Pin To Net: NetName=NetC3_1 Pin=C3-1
Added Pin To Net: NetName=NetC3_1 Pin=R9-1
Added Pin To Net: NetName=NetC3_1 Pin=R10-2
Added Pin To Net: NetName=NetC3_1 Pin=R11-1
Added Pin To Net: NetName=NetC3_1 Pin=U0-4
Added Net: Name=NetC3_1
Added Pin To Net: NetName=NetD1_C Pin=D1-C
Added Pin To Net: NetName=NetD1_C Pin=L1-2
Added Pin To Net: NetName=NetD1_C Pin=U0-2
Added Net: Name=NetD1_C
Added Pin To Net: NetName=NetR5_1 Pin=R5-1
Added Pin To Net: NetName=NetR5_1 Pin=U1-1
Added Net: Name=NetR5_1
Added Pin To Net: NetName=NetR5_2 Pin=R5-2
Added Pin To Net: NetName=NetR5_2 Pin=SIGNAL IN1-1
Added Net: Name=NetR5_2
Added Pin To Net: NetName=NetR6_1 Pin=R6-1
Added Pin To Net: NetName=NetR6_1 Pin=U2-1
Added Net: Name=NetR6_1
Added Pin To Net: NetName=NetR6_2 Pin=R6-2
Added Pin To Net: NetName=NetR6_2 Pin=SIGNAL IN2-1
Added Net: Name=NetR6_2
Added Pin To Net: NetName=NetR7_1 Pin=R7-1
Added Pin To Net: NetName=NetR7_1 Pin=U3-1
Added Net: Name=NetR7_1
Added Pin To Net: NetName=NetR7_2 Pin=R7-2
Added Pin To Net: NetName=NetR7_2 Pin=SIGNAL IN3-1
Added Net: Name=NetR7_2
Added Pin To Net: NetName=NetR8_1 Pin=R8-1
Added Pin To Net: NetName=NetR8_1 Pin=U4-1
Added Net: Name=NetR8_1
Added Pin To Net: NetName=NetR8_2 Pin=R8-2
Added Pin To Net: NetName=NetR8_2 Pin=SIGNAL IN4-1
Added Net: Name=NetR8_2
Added Pin To Net: NetName=NetRelay 1_1 Pin=Relay 1-1
Added Pin To Net: NetName=NetRelay 1_1 Pin=SALIDA2-2
Added Net: Name=NetRelay 1_1
Added Pin To Net: NetName=NetRelay 1_2 Pin=Relay 1-2
Added Pin To Net: NetName=NetRelay 1_2 Pin=SALIDA2-3
Added Net: Name=NetRelay 1_2
Added Pin To Net: NetName=NetRelay 1_3 Pin=Relay 1-3
Added Pin To Net: NetName=NetRelay 1_3 Pin=SALIDA2-1
Added Net: Name=NetRelay 1_3
Added Pin To Net: NetName=NetRelay 1_5 Pin=Relay 1-5
Added Pin To Net: NetName=NetRelay 1_5 Pin=U5-16
Added Net: Name=NetRelay 1_5
Added Pin To Net: NetName=NetRelay 2_1 Pin=Relay 2-1
Added Pin To Net: NetName=NetRelay 2_1 Pin=SALIDA1-2
Added Net: Name=NetRelay 2_1
Added Pin To Net: NetName=NetRelay 2_2 Pin=Relay 2-2
Added Pin To Net: NetName=NetRelay 2_2 Pin=SALIDA1-3
Added Net: Name=NetRelay 2_2
Added Pin To Net: NetName=NetRelay 2_3 Pin=Relay 2-3
Added Pin To Net: NetName=NetRelay 2_3 Pin=SALIDA1-1
Added Net: Name=NetRelay 2_3
Added Pin To Net: NetName=NetRelay 2_5 Pin=Relay 2-5
Added Pin To Net: NetName=NetRelay 2_5 Pin=U5-15
Added Net: Name=NetRelay 2_5
Added Pin To Net: NetName=NetSIGNAL IN1_2 Pin=SIGNAL IN1-2
Added Pin To Net: NetName=NetSIGNAL IN1_2 Pin=U1-2
Added Net: Name=NetSIGNAL IN1_2
Added Pin To Net: NetName=NetSIGNAL IN2_2 Pin=SIGNAL IN2-2
Added Pin To Net: NetName=NetSIGNAL IN2_2 Pin=U2-2
Added Net: Name=NetSIGNAL IN2_2
Added Pin To Net: NetName=NetSIGNAL IN3_2 Pin=SIGNAL IN3-2
Added Pin To Net: NetName=NetSIGNAL IN3_2 Pin=U3-2
Added Net: Name=NetSIGNAL IN3_2
Added Pin To Net: NetName=NetSIGNAL IN4_2 Pin=SIGNAL IN4-2
Added Pin To Net: NetName=NetSIGNAL IN4_2 Pin=U4-2
Added Net: Name=NetSIGNAL IN4_2
Added Pin To Net: NetName=Net|D1D2D3D4|A|_3 Pin=|D1D2D3D4|A|-3
Added Pin To Net: NetName=Net|D1D2D3D4|A|_3 Pin=|D1D2D3D4|A|-4
Added Net: Name=Net|D1D2D3D4|A|_3
Added Class: Name=Placa_Main
Added Room: Name=Placa_Main
